[Mon Jun 22 16:35:23 2015] [info] Listening at "http://*:3000".
[Mon Jun 22 16:35:30 2015] [debug] Your secret passphrase needs to be changed!!!
[Mon Jun 22 16:35:30 2015] [debug] GET / (curl/7.26.0).
[Mon Jun 22 16:35:30 2015] [debug] Template "not_found.development.html.ep" not found.
[Mon Jun 22 16:35:30 2015] [debug] Template "not_found.html.ep" not found.
[Mon Jun 22 16:35:30 2015] [debug] Rendering inline template.
[Mon Jun 22 16:35:30 2015] [debug] Rendering inline template.
[Mon Jun 22 16:35:30 2015] [debug] 404 Not Found (0.215076s, 4.650/s).
[Mon Jun 22 16:35:34 2015] [debug] GET /music (curl/7.26.0).
[Mon Jun 22 16:35:34 2015] [error] syntax error at script/../lib/Pi/Example.pm line 19, near "$id
    }"
Unmatched right curly bracket at script/../lib/Pi/Example.pm line 20, at end of line
syntax error at script/../lib/Pi/Example.pm line 20, near "}"
Compilation failed in require at (eval 248) line 1.

[Mon Jun 22 16:35:34 2015] [debug] Template "exception.development.html.ep" not found.
[Mon Jun 22 16:35:34 2015] [debug] Template "exception.html.ep" not found.
[Mon Jun 22 16:35:34 2015] [debug] Rendering inline template.
[Mon Jun 22 16:35:34 2015] [debug] Rendering inline template.
[Mon Jun 22 16:35:35 2015] [debug] 500 Internal Server Error (0.304295s, 3.286/s).
[Mon Jun 22 17:32:41 2015] [info] Listening at "http://*:3000".
[Mon Jun 22 17:32:46 2015] [debug] Your secret passphrase needs to be changed!!!
[Mon Jun 22 17:32:46 2015] [debug] GET / (Mozilla/5.0 (Macintosh; Intel Mac OS X 10_10_3) AppleWebKit/537.36 (KHTML, like Gecko) Chrome/43.0.2357.81 Safari/537.36).
[Mon Jun 22 17:32:46 2015] [debug] Template "not_found.development.html.ep" not found.
[Mon Jun 22 17:32:46 2015] [debug] Template "not_found.html.ep" not found.
[Mon Jun 22 17:32:46 2015] [debug] Rendering inline template.
[Mon Jun 22 17:32:46 2015] [debug] Rendering inline template.
[Mon Jun 22 17:32:46 2015] [debug] 404 Not Found (0.162489s, 6.154/s).
[Mon Jun 22 17:32:50 2015] [debug] GET /music (Mozilla/5.0 (Macintosh; Intel Mac OS X 10_10_3) AppleWebKit/537.36 (KHTML, like Gecko) Chrome/43.0.2357.81 Safari/537.36).
[Mon Jun 22 17:32:50 2015] [error] syntax error at script/../lib/Pi/Example.pm line 19, near "$id
    }"
Unmatched right curly bracket at script/../lib/Pi/Example.pm line 20, at end of line
syntax error at script/../lib/Pi/Example.pm line 20, near "}"
Compilation failed in require at (eval 248) line 1.

[Mon Jun 22 17:32:50 2015] [debug] Template "exception.development.html.ep" not found.
[Mon Jun 22 17:32:50 2015] [debug] Template "exception.html.ep" not found.
[Mon Jun 22 17:32:50 2015] [debug] Rendering inline template.
[Mon Jun 22 17:32:50 2015] [debug] Rendering inline template.
[Mon Jun 22 17:32:50 2015] [debug] 500 Internal Server Error (0.221534s, 4.514/s).
[Mon Jun 22 17:34:00 2015] [info] Listening at "http://*:3000".
[Mon Jun 22 17:34:25 2015] [debug] Your secret passphrase needs to be changed!!!
[Mon Jun 22 17:34:25 2015] [debug] GET /music (Mozilla/5.0 (Macintosh; Intel Mac OS X 10_10_3) AppleWebKit/537.36 (KHTML, like Gecko) Chrome/43.0.2357.81 Safari/537.36).
[Mon Jun 22 17:34:25 2015] [debug] Routing to controller "Pi::Example" and action "music".
[Mon Jun 22 17:34:25 2015] [debug] Rendering template "example/music.html.ep".
[Mon Jun 22 17:34:25 2015] [debug] Rendering template "layouts/default.html.ep".
[Mon Jun 22 17:34:25 2015] [debug] 200 OK (0.052059s, 19.209/s).
[Mon Jun 22 17:34:32 2015] [debug] GET /music (Mozilla/5.0 (Macintosh; Intel Mac OS X 10_10_3) AppleWebKit/537.36 (KHTML, like Gecko) Chrome/43.0.2357.81 Safari/537.36).
[Mon Jun 22 17:34:32 2015] [debug] Routing to controller "Pi::Example" and action "music".
[Mon Jun 22 17:34:32 2015] [debug] Rendering cached template "example/music.html.ep".
[Mon Jun 22 17:34:32 2015] [debug] Rendering cached template "layouts/default.html.ep".
[Mon Jun 22 17:34:32 2015] [debug] 200 OK (0.007691s, 130.022/s).
[Mon Jun 22 17:34:33 2015] [debug] GET /music (Mozilla/5.0 (Macintosh; Intel Mac OS X 10_10_3) AppleWebKit/537.36 (KHTML, like Gecko) Chrome/43.0.2357.81 Safari/537.36).
[Mon Jun 22 17:34:33 2015] [debug] Routing to controller "Pi::Example" and action "music".
[Mon Jun 22 17:34:33 2015] [debug] Rendering cached template "example/music.html.ep".
[Mon Jun 22 17:34:33 2015] [debug] Rendering cached template "layouts/default.html.ep".
[Mon Jun 22 17:34:33 2015] [debug] 200 OK (0.007654s, 130.651/s).
[Mon Jun 22 17:34:43 2015] [debug] GET /music (Mozilla/5.0 (Macintosh; Intel Mac OS X 10_10_3) AppleWebKit/537.36 (KHTML, like Gecko) Chrome/43.0.2357.81 Safari/537.36).
[Mon Jun 22 17:34:43 2015] [debug] Routing to controller "Pi::Example" and action "music".
[Mon Jun 22 17:34:43 2015] [debug] Rendering cached template "example/music.html.ep".
[Mon Jun 22 17:34:43 2015] [debug] Rendering cached template "layouts/default.html.ep".
[Mon Jun 22 17:34:43 2015] [debug] 200 OK (0.010784s, 92.730/s).
[Mon Jun 22 17:35:07 2015] [debug] GET /music (Mozilla/5.0 (Macintosh; Intel Mac OS X 10_10_3) AppleWebKit/537.36 (KHTML, like Gecko) Chrome/43.0.2357.81 Safari/537.36).
[Mon Jun 22 17:35:07 2015] [debug] Routing to controller "Pi::Example" and action "music".
[Mon Jun 22 17:35:07 2015] [debug] Rendering cached template "example/music.html.ep".
[Mon Jun 22 17:35:07 2015] [debug] Rendering cached template "layouts/default.html.ep".
[Mon Jun 22 17:35:07 2015] [debug] 200 OK (0.012223s, 81.813/s).
[Mon Jun 22 17:35:09 2015] [debug] GET /music (Mozilla/5.0 (Macintosh; Intel Mac OS X 10_10_3) AppleWebKit/537.36 (KHTML, like Gecko) Chrome/43.0.2357.81 Safari/537.36).
[Mon Jun 22 17:35:09 2015] [debug] Routing to controller "Pi::Example" and action "music".
[Mon Jun 22 17:35:09 2015] [debug] Rendering cached template "example/music.html.ep".
[Mon Jun 22 17:35:09 2015] [debug] Rendering cached template "layouts/default.html.ep".
[Mon Jun 22 17:35:09 2015] [debug] 200 OK (0.012910s, 77.459/s).
[Mon Jun 22 17:35:09 2015] [debug] GET /music (Mozilla/5.0 (Macintosh; Intel Mac OS X 10_10_3) AppleWebKit/537.36 (KHTML, like Gecko) Chrome/43.0.2357.81 Safari/537.36).
[Mon Jun 22 17:35:09 2015] [debug] Routing to controller "Pi::Example" and action "music".
[Mon Jun 22 17:35:09 2015] [debug] Rendering cached template "example/music.html.ep".
[Mon Jun 22 17:35:09 2015] [debug] Rendering cached template "layouts/default.html.ep".
[Mon Jun 22 17:35:09 2015] [debug] 200 OK (0.011232s, 89.031/s).
[Mon Jun 22 17:35:13 2015] [debug] GET /music (Mozilla/5.0 (Macintosh; Intel Mac OS X 10_10_3) AppleWebKit/537.36 (KHTML, like Gecko) Chrome/43.0.2357.81 Safari/537.36).
[Mon Jun 22 17:35:13 2015] [debug] Routing to controller "Pi::Example" and action "music".
[Mon Jun 22 17:35:13 2015] [debug] Rendering cached template "example/music.html.ep".
[Mon Jun 22 17:35:13 2015] [debug] Rendering cached template "layouts/default.html.ep".
[Mon Jun 22 17:35:13 2015] [debug] 200 OK (0.011010s, 90.827/s).
[Mon Jun 22 17:47:47 2015] [debug] Your secret passphrase needs to be changed!!!
[Mon Jun 22 17:47:47 2015] [debug] GET /music (Mozilla/5.0 (Macintosh; Intel Mac OS X 10_10_3) AppleWebKit/537.36 (KHTML, like Gecko) Chrome/43.0.2357.81 Safari/537.36).
[Mon Jun 22 17:47:47 2015] [debug] Routing to controller "Pi::Example" and action "music".
[Mon Jun 22 17:47:47 2015] [debug] Rendering template "example/music.html.ep".
[Mon Jun 22 17:47:47 2015] [error] Global symbol "$i" requires explicit package name at template "example/music.html.ep" line 6, near " <li><a href="?track=<%= $i %>">test</a></li>".
Global symbol "$i" requires explicit package name at template "example/music.html.ep" line 7, near "% }".
1: % layout 'default';
2: % title 'Music';
3: 
4: <p>
5: <ul>
6: % for $i (1..10) {
7:  <li><a href="?track=<%= $i %>">test</a></li>
8: % }
9: </ul>
10: </p>

[Mon Jun 22 17:47:47 2015] [debug] Template "exception.development.html.ep" not found.
[Mon Jun 22 17:47:47 2015] [debug] Template "exception.html.ep" not found.
[Mon Jun 22 17:47:47 2015] [debug] Rendering inline template.
[Mon Jun 22 17:47:47 2015] [debug] Rendering inline template.
[Mon Jun 22 17:47:48 2015] [debug] 500 Internal Server Error (0.258894s, 3.863/s).
[Mon Jun 22 17:47:57 2015] [debug] GET /music (Mozilla/5.0 (Macintosh; Intel Mac OS X 10_10_3) AppleWebKit/537.36 (KHTML, like Gecko) Chrome/43.0.2357.81 Safari/537.36).
[Mon Jun 22 17:47:57 2015] [debug] Routing to controller "Pi::Example" and action "music".
[Mon Jun 22 17:47:57 2015] [debug] Rendering template "example/music.html.ep".
[Mon Jun 22 17:47:57 2015] [debug] Rendering template "layouts/default.html.ep".
[Mon Jun 22 17:47:57 2015] [debug] 200 OK (0.036959s, 27.057/s).
[Mon Jun 22 17:48:02 2015] [debug] Your secret passphrase needs to be changed!!!
[Mon Jun 22 17:48:02 2015] [debug] GET /music (Mozilla/5.0 (Macintosh; Intel Mac OS X 10_10_3) AppleWebKit/537.36 (KHTML, like Gecko) Chrome/43.0.2357.81 Safari/537.36).
[Mon Jun 22 17:48:02 2015] [debug] Routing to controller "Pi::Example" and action "music".
[Mon Jun 22 17:48:02 2015] [debug] Rendering template "example/music.html.ep".
[Mon Jun 22 17:48:02 2015] [debug] Rendering template "layouts/default.html.ep".
[Mon Jun 22 17:48:02 2015] [debug] 200 OK (0.050051s, 19.980/s).
[Mon Jun 22 17:48:06 2015] [debug] GET /music (Mozilla/5.0 (Macintosh; Intel Mac OS X 10_10_3) AppleWebKit/537.36 (KHTML, like Gecko) Chrome/43.0.2357.81 Safari/537.36).
[Mon Jun 22 17:48:06 2015] [debug] Routing to controller "Pi::Example" and action "music".
[Mon Jun 22 17:48:06 2015] [debug] Rendering cached template "example/music.html.ep".
[Mon Jun 22 17:48:06 2015] [debug] Rendering cached template "layouts/default.html.ep".
[Mon Jun 22 17:48:06 2015] [debug] 200 OK (0.011497s, 86.979/s).
[Mon Jun 22 17:48:32 2015] [debug] GET /music (Mozilla/5.0 (Macintosh; Intel Mac OS X 10_10_3) AppleWebKit/537.36 (KHTML, like Gecko) Chrome/43.0.2357.81 Safari/537.36).
[Mon Jun 22 17:48:32 2015] [debug] Routing to controller "Pi::Example" and action "music".
[Mon Jun 22 17:48:32 2015] [debug] Rendering cached template "example/music.html.ep".
[Mon Jun 22 17:48:32 2015] [debug] Rendering cached template "layouts/default.html.ep".
[Mon Jun 22 17:48:32 2015] [debug] 200 OK (0.008333s, 120.005/s).
[Mon Jun 22 17:48:34 2015] [debug] Your secret passphrase needs to be changed!!!
[Mon Jun 22 17:48:34 2015] [debug] GET /music (Mozilla/5.0 (Macintosh; Intel Mac OS X 10_10_3) AppleWebKit/537.36 (KHTML, like Gecko) Chrome/43.0.2357.81 Safari/537.36).
[Mon Jun 22 17:48:34 2015] [debug] Routing to controller "Pi::Example" and action "music".
[Mon Jun 22 17:48:34 2015] [debug] 200 OK (0.012340s, 81.037/s).
[Mon Jun 22 17:48:36 2015] [debug] GET /music (Mozilla/5.0 (Macintosh; Intel Mac OS X 10_10_3) AppleWebKit/537.36 (KHTML, like Gecko) Chrome/43.0.2357.81 Safari/537.36).
[Mon Jun 22 17:48:36 2015] [debug] Routing to controller "Pi::Example" and action "music".
[Mon Jun 22 17:48:36 2015] [debug] 200 OK (0.069205s, 14.450/s).
[Mon Jun 22 17:49:06 2015] [debug] Your secret passphrase needs to be changed!!!
[Mon Jun 22 17:49:06 2015] [debug] GET /music (Mozilla/5.0 (Macintosh; Intel Mac OS X 10_10_3) AppleWebKit/537.36 (KHTML, like Gecko) Chrome/43.0.2357.81 Safari/537.36).
[Mon Jun 22 17:49:06 2015] [debug] Routing to controller "Pi::Example" and action "music".
[Mon Jun 22 17:49:06 2015] [debug] Rendering template "example/music.html.ep".
[Mon Jun 22 17:49:06 2015] [debug] Rendering template "layouts/default.html.ep".
[Mon Jun 22 17:49:06 2015] [debug] 200 OK (0.049580s, 20.169/s).
[Mon Jun 22 17:49:07 2015] [debug] GET /music (Mozilla/5.0 (Macintosh; Intel Mac OS X 10_10_3) AppleWebKit/537.36 (KHTML, like Gecko) Chrome/43.0.2357.81 Safari/537.36).
[Mon Jun 22 17:49:07 2015] [debug] Routing to controller "Pi::Example" and action "music".
[Mon Jun 22 17:49:07 2015] [debug] Rendering cached template "example/music.html.ep".
[Mon Jun 22 17:49:07 2015] [debug] Rendering cached template "layouts/default.html.ep".
[Mon Jun 22 17:49:07 2015] [debug] 200 OK (0.007931s, 126.088/s).
[Mon Jun 22 17:50:29 2015] [debug] Your secret passphrase needs to be changed!!!
[Mon Jun 22 17:50:29 2015] [debug] GET /music (Mozilla/5.0 (Macintosh; Intel Mac OS X 10_10_3) AppleWebKit/537.36 (KHTML, like Gecko) Chrome/43.0.2357.81 Safari/537.36).
[Mon Jun 22 17:50:29 2015] [debug] Routing to controller "Pi::Example" and action "music".
[Mon Jun 22 17:50:29 2015] [debug] Rendering template "example/music.html.ep".
[Mon Jun 22 17:50:29 2015] [debug] Rendering template "layouts/default.html.ep".
[Mon Jun 22 17:50:29 2015] [debug] 200 OK (0.065604s, 15.243/s).
[Mon Jun 22 17:50:30 2015] [debug] GET /music (Mozilla/5.0 (Macintosh; Intel Mac OS X 10_10_3) AppleWebKit/537.36 (KHTML, like Gecko) Chrome/43.0.2357.81 Safari/537.36).
[Mon Jun 22 17:50:30 2015] [debug] Routing to controller "Pi::Example" and action "music".
[Mon Jun 22 17:50:30 2015] [debug] Rendering cached template "example/music.html.ep".
[Mon Jun 22 17:50:30 2015] [debug] Rendering cached template "layouts/default.html.ep".
[Mon Jun 22 17:50:30 2015] [debug] 200 OK (0.008226s, 121.566/s).
[Mon Jun 22 17:50:42 2015] [debug] GET /music (Mozilla/5.0 (Macintosh; Intel Mac OS X 10_10_3) AppleWebKit/537.36 (KHTML, like Gecko) Chrome/43.0.2357.81 Safari/537.36).
[Mon Jun 22 17:50:42 2015] [debug] Routing to controller "Pi::Example" and action "music".
[Mon Jun 22 17:50:42 2015] [debug] Rendering cached template "example/music.html.ep".
[Mon Jun 22 17:50:42 2015] [debug] Rendering cached template "layouts/default.html.ep".
[Mon Jun 22 17:50:42 2015] [debug] 200 OK (0.007884s, 126.839/s).
[Mon Jun 22 17:50:43 2015] [debug] GET /music (Mozilla/5.0 (Macintosh; Intel Mac OS X 10_10_3) AppleWebKit/537.36 (KHTML, like Gecko) Chrome/43.0.2357.81 Safari/537.36).
[Mon Jun 22 17:50:43 2015] [debug] Routing to controller "Pi::Example" and action "music".
[Mon Jun 22 17:50:43 2015] [debug] Rendering cached template "example/music.html.ep".
[Mon Jun 22 17:50:43 2015] [debug] Rendering cached template "layouts/default.html.ep".
[Mon Jun 22 17:50:43 2015] [debug] 200 OK (0.007947s, 125.834/s).
[Mon Jun 22 17:50:55 2015] [debug] Your secret passphrase needs to be changed!!!
[Mon Jun 22 17:50:55 2015] [debug] GET /music (Mozilla/5.0 (Macintosh; Intel Mac OS X 10_10_3) AppleWebKit/537.36 (KHTML, like Gecko) Chrome/43.0.2357.81 Safari/537.36).
[Mon Jun 22 17:50:55 2015] [debug] Routing to controller "Pi::Example" and action "music".
[Mon Jun 22 17:50:55 2015] [debug] Rendering template "example/music.html.ep".
[Mon Jun 22 17:50:55 2015] [debug] Rendering template "layouts/default.html.ep".
[Mon Jun 22 17:50:55 2015] [debug] 200 OK (0.077274s, 12.941/s).
[Mon Jun 22 17:51:09 2015] [debug] Your secret passphrase needs to be changed!!!
[Mon Jun 22 17:51:09 2015] [debug] GET /music (Mozilla/5.0 (Macintosh; Intel Mac OS X 10_10_3) AppleWebKit/537.36 (KHTML, like Gecko) Chrome/43.0.2357.81 Safari/537.36).
[Mon Jun 22 17:51:09 2015] [debug] Routing to controller "Pi::Example" and action "music".
[Mon Jun 22 17:51:09 2015] [debug] Rendering template "example/music.html.ep".
[Mon Jun 22 17:51:09 2015] [debug] Rendering template "layouts/default.html.ep".
[Mon Jun 22 17:51:09 2015] [debug] 200 OK (0.075781s, 13.196/s).
[Mon Jun 22 17:51:20 2015] [debug] Your secret passphrase needs to be changed!!!
[Mon Jun 22 17:51:20 2015] [debug] GET /music (Mozilla/5.0 (Macintosh; Intel Mac OS X 10_10_3) AppleWebKit/537.36 (KHTML, like Gecko) Chrome/43.0.2357.81 Safari/537.36).
[Mon Jun 22 17:51:20 2015] [debug] Routing to controller "Pi::Example" and action "music".
[Mon Jun 22 17:51:20 2015] [debug] Rendering template "example/music.html.ep".
[Mon Jun 22 17:51:20 2015] [debug] Rendering template "layouts/default.html.ep".
[Mon Jun 22 17:51:20 2015] [debug] 200 OK (0.050907s, 19.644/s).
[Mon Jun 22 17:51:22 2015] [debug] GET /music (Mozilla/5.0 (Macintosh; Intel Mac OS X 10_10_3) AppleWebKit/537.36 (KHTML, like Gecko) Chrome/43.0.2357.81 Safari/537.36).
[Mon Jun 22 17:51:22 2015] [debug] Routing to controller "Pi::Example" and action "music".
[Mon Jun 22 17:51:22 2015] [debug] Rendering cached template "example/music.html.ep".
[Mon Jun 22 17:51:22 2015] [debug] Rendering cached template "layouts/default.html.ep".
[Mon Jun 22 17:51:22 2015] [debug] 200 OK (0.007957s, 125.676/s).
[Mon Jun 22 17:51:49 2015] [debug] Your secret passphrase needs to be changed!!!
[Mon Jun 22 17:51:49 2015] [debug] GET /music (Mozilla/5.0 (Macintosh; Intel Mac OS X 10_10_3) AppleWebKit/537.36 (KHTML, like Gecko) Chrome/43.0.2357.81 Safari/537.36).
[Mon Jun 22 17:51:49 2015] [debug] Routing to controller "Pi::Example" and action "music".
[Mon Jun 22 17:51:49 2015] [debug] Rendering template "example/music.html.ep".
[Mon Jun 22 17:51:49 2015] [debug] Rendering template "layouts/default.html.ep".
[Mon Jun 22 17:51:49 2015] [debug] 200 OK (0.053113s, 18.828/s).
[Mon Jun 22 17:51:50 2015] [debug] GET /music (Mozilla/5.0 (Macintosh; Intel Mac OS X 10_10_3) AppleWebKit/537.36 (KHTML, like Gecko) Chrome/43.0.2357.81 Safari/537.36).
[Mon Jun 22 17:51:50 2015] [debug] Routing to controller "Pi::Example" and action "music".
[Mon Jun 22 17:51:50 2015] [debug] Rendering cached template "example/music.html.ep".
[Mon Jun 22 17:51:50 2015] [debug] Rendering cached template "layouts/default.html.ep".
[Mon Jun 22 17:51:50 2015] [debug] 200 OK (0.008216s, 121.714/s).
[Mon Jun 22 17:53:16 2015] [debug] Your secret passphrase needs to be changed!!!
[Mon Jun 22 17:53:16 2015] [debug] GET /music (Mozilla/5.0 (Macintosh; Intel Mac OS X 10_10_3) AppleWebKit/537.36 (KHTML, like Gecko) Chrome/43.0.2357.81 Safari/537.36).
[Mon Jun 22 17:53:16 2015] [debug] Routing to controller "Pi::Example" and action "music".
[Mon Jun 22 17:53:17 2015] [debug] Rendering template "example/music.html.ep".
[Mon Jun 22 17:53:17 2015] [debug] Rendering template "layouts/default.html.ep".
[Mon Jun 22 17:53:17 2015] [debug] 200 OK (0.055522s, 18.011/s).
[Mon Jun 22 17:53:17 2015] [debug] GET /public/style.css (Mozilla/5.0 (Macintosh; Intel Mac OS X 10_10_3) AppleWebKit/537.36 (KHTML, like Gecko) Chrome/43.0.2357.81 Safari/537.36).
[Mon Jun 22 17:53:17 2015] [debug] Template "not_found.development.html.ep" not found.
[Mon Jun 22 17:53:17 2015] [debug] Template "not_found.html.ep" not found.
[Mon Jun 22 17:53:17 2015] [debug] Rendering inline template.
[Mon Jun 22 17:53:17 2015] [debug] Rendering inline template.
[Mon Jun 22 17:53:17 2015] [debug] 404 Not Found (0.141692s, 7.058/s).
[Mon Jun 22 17:53:18 2015] [debug] GET /music (Mozilla/5.0 (Macintosh; Intel Mac OS X 10_10_3) AppleWebKit/537.36 (KHTML, like Gecko) Chrome/43.0.2357.81 Safari/537.36).
[Mon Jun 22 17:53:18 2015] [debug] Routing to controller "Pi::Example" and action "music".
[Mon Jun 22 17:53:18 2015] [debug] Rendering cached template "example/music.html.ep".
[Mon Jun 22 17:53:18 2015] [debug] Rendering cached template "layouts/default.html.ep".
[Mon Jun 22 17:53:18 2015] [debug] 200 OK (0.016759s, 59.669/s).
[Mon Jun 22 17:53:18 2015] [debug] GET /public/style.css (Mozilla/5.0 (Macintosh; Intel Mac OS X 10_10_3) AppleWebKit/537.36 (KHTML, like Gecko) Chrome/43.0.2357.81 Safari/537.36).
[Mon Jun 22 17:53:18 2015] [debug] Template "not_found.development.html.ep" not found.
[Mon Jun 22 17:53:18 2015] [debug] Template "not_found.html.ep" not found.
[Mon Jun 22 17:53:18 2015] [debug] Rendering cached inline template.
[Mon Jun 22 17:53:18 2015] [debug] Rendering cached inline template.
[Mon Jun 22 17:53:18 2015] [debug] 404 Not Found (0.070242s, 14.236/s).
[Mon Jun 22 17:56:39 2015] [info] Listening at "http://*:3000".
[Mon Jun 22 17:56:41 2015] [debug] Your secret passphrase needs to be changed!!!
[Mon Jun 22 17:57:07 2015] [debug] Your secret passphrase needs to be changed!!!
[Mon Jun 22 17:57:07 2015] [debug] GET /music (Mozilla/5.0 (Macintosh; Intel Mac OS X 10_10_3) AppleWebKit/537.36 (KHTML, like Gecko) Chrome/43.0.2357.81 Safari/537.36).
[Mon Jun 22 17:57:07 2015] [debug] Routing to controller "Pi::Example" and action "music".
[Mon Jun 22 17:57:07 2015] [debug] Rendering template "example/music.html.ep".
[Mon Jun 22 17:57:07 2015] [debug] Rendering template "layouts/default.html.ep".
[Mon Jun 22 17:57:07 2015] [debug] 200 OK (0.054920s, 18.208/s).
[Mon Jun 22 17:57:08 2015] [debug] GET /music (Mozilla/5.0 (Macintosh; Intel Mac OS X 10_10_3) AppleWebKit/537.36 (KHTML, like Gecko) Chrome/43.0.2357.81 Safari/537.36).
[Mon Jun 22 17:57:08 2015] [debug] Routing to controller "Pi::Example" and action "music".
[Mon Jun 22 17:57:08 2015] [debug] Rendering cached template "example/music.html.ep".
[Mon Jun 22 17:57:08 2015] [debug] Rendering cached template "layouts/default.html.ep".
[Mon Jun 22 17:57:08 2015] [debug] 200 OK (0.016665s, 60.006/s).
[Mon Jun 22 17:57:26 2015] [debug] GET /music (Mozilla/5.0 (Macintosh; Intel Mac OS X 10_10_3) AppleWebKit/537.36 (KHTML, like Gecko) Chrome/43.0.2357.81 Safari/537.36).
[Mon Jun 22 17:57:26 2015] [debug] Routing to controller "Pi::Example" and action "music".
[Mon Jun 22 17:57:26 2015] [debug] Rendering cached template "example/music.html.ep".
[Mon Jun 22 17:57:26 2015] [debug] Rendering cached template "layouts/default.html.ep".
[Mon Jun 22 17:57:26 2015] [debug] 200 OK (0.011934s, 83.794/s).
[Mon Jun 22 17:57:27 2015] [debug] GET /music (Mozilla/5.0 (Macintosh; Intel Mac OS X 10_10_3) AppleWebKit/537.36 (KHTML, like Gecko) Chrome/43.0.2357.81 Safari/537.36).
[Mon Jun 22 17:57:27 2015] [debug] Routing to controller "Pi::Example" and action "music".
[Mon Jun 22 17:57:27 2015] [debug] Rendering cached template "example/music.html.ep".
[Mon Jun 22 17:57:27 2015] [debug] Rendering cached template "layouts/default.html.ep".
[Mon Jun 22 17:57:27 2015] [debug] 200 OK (0.011688s, 85.558/s).
[Mon Jun 22 17:57:49 2015] [debug] GET /music (Mozilla/5.0 (Macintosh; Intel Mac OS X 10_10_3) AppleWebKit/537.36 (KHTML, like Gecko) Chrome/43.0.2357.81 Safari/537.36).
[Mon Jun 22 17:57:49 2015] [debug] Routing to controller "Pi::Example" and action "music".
[Mon Jun 22 17:57:49 2015] [debug] Rendering cached template "example/music.html.ep".
[Mon Jun 22 17:57:49 2015] [debug] Rendering cached template "layouts/default.html.ep".
[Mon Jun 22 17:57:49 2015] [debug] 200 OK (0.011960s, 83.612/s).
[Mon Jun 22 17:58:06 2015] [debug] GET /music (Mozilla/5.0 (Macintosh; Intel Mac OS X 10_10_3) AppleWebKit/537.36 (KHTML, like Gecko) Chrome/43.0.2357.81 Safari/537.36).
[Mon Jun 22 17:58:06 2015] [debug] Routing to controller "Pi::Example" and action "music".
[Mon Jun 22 17:58:06 2015] [debug] Rendering cached template "example/music.html.ep".
[Mon Jun 22 17:58:06 2015] [debug] Rendering cached template "layouts/default.html.ep".
[Mon Jun 22 17:58:06 2015] [debug] 200 OK (0.011532s, 86.715/s).
[Mon Jun 22 17:58:11 2015] [debug] GET /music (Mozilla/5.0 (Macintosh; Intel Mac OS X 10_10_3) AppleWebKit/537.36 (KHTML, like Gecko) Chrome/43.0.2357.81 Safari/537.36).
[Mon Jun 22 17:58:11 2015] [debug] Routing to controller "Pi::Example" and action "music".
[Mon Jun 22 17:58:11 2015] [debug] Rendering cached template "example/music.html.ep".
[Mon Jun 22 17:58:11 2015] [debug] Rendering cached template "layouts/default.html.ep".
[Mon Jun 22 17:58:11 2015] [debug] 200 OK (0.011650s, 85.837/s).
[Mon Jun 22 17:58:54 2015] [debug] GET /music (Mozilla/5.0 (Macintosh; Intel Mac OS X 10_10_3) AppleWebKit/537.36 (KHTML, like Gecko) Chrome/43.0.2357.81 Safari/537.36).
[Mon Jun 22 17:58:54 2015] [debug] Routing to controller "Pi::Example" and action "music".
[Mon Jun 22 17:58:54 2015] [debug] Rendering cached template "example/music.html.ep".
[Mon Jun 22 17:58:55 2015] [debug] Rendering cached template "layouts/default.html.ep".
[Mon Jun 22 17:58:55 2015] [debug] 200 OK (0.011794s, 84.789/s).
[Mon Jun 22 17:59:10 2015] [debug] GET /music (Mozilla/5.0 (Macintosh; Intel Mac OS X 10_10_3) AppleWebKit/537.36 (KHTML, like Gecko) Chrome/43.0.2357.81 Safari/537.36).
[Mon Jun 22 17:59:10 2015] [debug] Routing to controller "Pi::Example" and action "music".
[Mon Jun 22 17:59:10 2015] [debug] Rendering cached template "example/music.html.ep".
[Mon Jun 22 17:59:10 2015] [debug] Rendering cached template "layouts/default.html.ep".
[Mon Jun 22 17:59:10 2015] [debug] 200 OK (0.011648s, 85.852/s).
[Mon Jun 22 17:59:12 2015] [debug] GET /music (Mozilla/5.0 (Macintosh; Intel Mac OS X 10_10_3) AppleWebKit/537.36 (KHTML, like Gecko) Chrome/43.0.2357.81 Safari/537.36).
[Mon Jun 22 17:59:12 2015] [debug] Routing to controller "Pi::Example" and action "music".
[Mon Jun 22 17:59:12 2015] [debug] Rendering cached template "example/music.html.ep".
[Mon Jun 22 17:59:12 2015] [debug] Rendering cached template "layouts/default.html.ep".
[Mon Jun 22 17:59:12 2015] [debug] 200 OK (0.011718s, 85.339/s).
[Mon Jun 22 17:59:20 2015] [debug] GET /music (Mozilla/5.0 (Macintosh; Intel Mac OS X 10_10_3) AppleWebKit/537.36 (KHTML, like Gecko) Chrome/43.0.2357.81 Safari/537.36).
[Mon Jun 22 17:59:20 2015] [debug] Routing to controller "Pi::Example" and action "music".
[Mon Jun 22 17:59:20 2015] [debug] Rendering cached template "example/music.html.ep".
[Mon Jun 22 17:59:20 2015] [debug] Rendering cached template "layouts/default.html.ep".
[Mon Jun 22 17:59:20 2015] [debug] 200 OK (0.011769s, 84.969/s).
[Mon Jun 22 17:59:21 2015] [debug] GET /music (Mozilla/5.0 (Macintosh; Intel Mac OS X 10_10_3) AppleWebKit/537.36 (KHTML, like Gecko) Chrome/43.0.2357.81 Safari/537.36).
[Mon Jun 22 17:59:21 2015] [debug] Routing to controller "Pi::Example" and action "music".
[Mon Jun 22 17:59:21 2015] [debug] Rendering cached template "example/music.html.ep".
[Mon Jun 22 17:59:21 2015] [debug] Rendering cached template "layouts/default.html.ep".
[Mon Jun 22 17:59:21 2015] [debug] 200 OK (0.011625s, 86.022/s).
[Mon Jun 22 17:59:28 2015] [debug] GET /music (Mozilla/5.0 (Macintosh; Intel Mac OS X 10_10_3) AppleWebKit/537.36 (KHTML, like Gecko) Chrome/43.0.2357.81 Safari/537.36).
[Mon Jun 22 17:59:28 2015] [debug] Routing to controller "Pi::Example" and action "music".
[Mon Jun 22 17:59:28 2015] [debug] Rendering cached template "example/music.html.ep".
[Mon Jun 22 17:59:28 2015] [debug] Rendering cached template "layouts/default.html.ep".
[Mon Jun 22 17:59:28 2015] [debug] 200 OK (0.011685s, 85.580/s).
[Mon Jun 22 17:59:28 2015] [debug] GET /music (Mozilla/5.0 (Macintosh; Intel Mac OS X 10_10_3) AppleWebKit/537.36 (KHTML, like Gecko) Chrome/43.0.2357.81 Safari/537.36).
[Mon Jun 22 17:59:28 2015] [debug] Routing to controller "Pi::Example" and action "music".
[Mon Jun 22 17:59:28 2015] [debug] Rendering cached template "example/music.html.ep".
[Mon Jun 22 17:59:28 2015] [debug] Rendering cached template "layouts/default.html.ep".
[Mon Jun 22 17:59:28 2015] [debug] 200 OK (0.016080s, 62.189/s).
[Mon Jun 22 17:59:52 2015] [debug] GET /music (Mozilla/5.0 (Macintosh; Intel Mac OS X 10_10_3) AppleWebKit/537.36 (KHTML, like Gecko) Chrome/43.0.2357.81 Safari/537.36).
[Mon Jun 22 17:59:52 2015] [debug] Routing to controller "Pi::Example" and action "music".
[Mon Jun 22 17:59:52 2015] [debug] 200 OK (0.004272s, 234.082/s).
[Mon Jun 22 17:59:53 2015] [debug] GET /music (Mozilla/5.0 (Macintosh; Intel Mac OS X 10_10_3) AppleWebKit/537.36 (KHTML, like Gecko) Chrome/43.0.2357.81 Safari/537.36).
[Mon Jun 22 17:59:53 2015] [debug] Routing to controller "Pi::Example" and action "music".
[Mon Jun 22 17:59:53 2015] [debug] Rendering cached template "example/music.html.ep".
[Mon Jun 22 17:59:53 2015] [debug] Rendering cached template "layouts/default.html.ep".
[Mon Jun 22 17:59:53 2015] [debug] 200 OK (0.016047s, 62.317/s).
[Mon Jun 22 19:04:06 2015] [debug] Your secret passphrase needs to be changed!!!
[Mon Jun 22 19:04:06 2015] [debug] GET / (Mozilla/5.0 (iPhone; CPU iPhone OS 8_1_3 like Mac OS X) AppleWebKit/600.1.4 (KHTML, like Gecko) Version/8.0 Mobile/12B466 Safari/600.1.4).
[Mon Jun 22 19:04:06 2015] [debug] Template "not_found.development.html.ep" not found.
[Mon Jun 22 19:04:06 2015] [debug] Template "not_found.html.ep" not found.
[Mon Jun 22 19:04:06 2015] [debug] Rendering inline template.
[Mon Jun 22 19:04:07 2015] [debug] Rendering inline template.
[Mon Jun 22 19:04:07 2015] [debug] 404 Not Found (0.184671s, 5.415/s).
[Mon Jun 22 19:04:15 2015] [debug] GET /music (Mozilla/5.0 (iPhone; CPU iPhone OS 8_1_3 like Mac OS X) AppleWebKit/600.1.4 (KHTML, like Gecko) Version/8.0 Mobile/12B466 Safari/600.1.4).
[Mon Jun 22 19:04:15 2015] [debug] Routing to controller "Pi::Example" and action "music".
[Mon Jun 22 19:04:15 2015] [debug] Rendering template "example/music.html.ep".
[Mon Jun 22 19:04:15 2015] [debug] Rendering template "layouts/default.html.ep".
[Mon Jun 22 19:04:15 2015] [debug] 200 OK (0.066808s, 14.968/s).
[Mon Jun 22 19:04:21 2015] [debug] GET /music (Mozilla/5.0 (iPhone; CPU iPhone OS 8_1_3 like Mac OS X) AppleWebKit/600.1.4 (KHTML, like Gecko) Version/8.0 Mobile/12B466 Safari/600.1.4).
[Mon Jun 22 19:04:21 2015] [debug] Routing to controller "Pi::Example" and action "music".
[Mon Jun 22 19:04:21 2015] [error] error play file at script/../lib/Pi/Example.pm line 20.

[Mon Jun 22 19:04:21 2015] [debug] Template "exception.development.html.ep" not found.
[Mon Jun 22 19:04:21 2015] [debug] Template "exception.html.ep" not found.
[Mon Jun 22 19:04:21 2015] [debug] Rendering inline template.
[Mon Jun 22 19:04:21 2015] [debug] Rendering inline template.
[Mon Jun 22 19:04:22 2015] [debug] 500 Internal Server Error (0.262942s, 3.803/s).
[Mon Jun 22 19:36:14 2015] [debug] Your secret passphrase needs to be changed!!!
[Mon Jun 22 19:36:14 2015] [debug] GET /music (Mozilla/5.0 (Macintosh; Intel Mac OS X 10_10_3) AppleWebKit/537.36 (KHTML, like Gecko) Chrome/43.0.2357.81 Safari/537.36).
[Mon Jun 22 19:36:14 2015] [debug] Routing to controller "Pi::Example" and action "music".
[Mon Jun 22 19:36:14 2015] [debug] Rendering template "example/music.html.ep".
[Mon Jun 22 19:36:14 2015] [debug] Rendering template "layouts/default.html.ep".
[Mon Jun 22 19:36:14 2015] [debug] 200 OK (0.053737s, 18.609/s).
[Mon Jun 22 19:36:18 2015] [debug] GET /music (Mozilla/5.0 (Macintosh; Intel Mac OS X 10_10_3) AppleWebKit/537.36 (KHTML, like Gecko) Chrome/43.0.2357.81 Safari/537.36).
[Mon Jun 22 19:36:18 2015] [debug] Routing to controller "Pi::Example" and action "music".
[Mon Jun 22 19:36:18 2015] [error] error play file at script/../lib/Pi/Example.pm line 20.

[Mon Jun 22 19:36:18 2015] [debug] Template "exception.development.html.ep" not found.
[Mon Jun 22 19:36:18 2015] [debug] Template "exception.html.ep" not found.
[Mon Jun 22 19:36:18 2015] [debug] Rendering inline template.
[Mon Jun 22 19:36:19 2015] [debug] Rendering inline template.
[Mon Jun 22 19:36:19 2015] [debug] 500 Internal Server Error (0.257185s, 3.888/s).
[Mon Jun 22 19:36:38 2015] [debug] Your secret passphrase needs to be changed!!!
[Mon Jun 22 19:36:38 2015] [debug] GET /music (Mozilla/5.0 (Macintosh; Intel Mac OS X 10_10_3) AppleWebKit/537.36 (KHTML, like Gecko) Chrome/43.0.2357.81 Safari/537.36).
[Mon Jun 22 19:36:38 2015] [debug] Routing to controller "Pi::Example" and action "music".
[Mon Jun 22 19:36:38 2015] [error] error play file at script/../lib/Pi/Example.pm line 20.

[Mon Jun 22 19:36:38 2015] [debug] Template "exception.development.html.ep" not found.
[Mon Jun 22 19:36:38 2015] [debug] Template "exception.html.ep" not found.
[Mon Jun 22 19:36:38 2015] [debug] Rendering inline template.
[Mon Jun 22 19:36:38 2015] [debug] Rendering inline template.
[Mon Jun 22 19:36:39 2015] [debug] 500 Internal Server Error (0.327726s, 3.051/s).
[Mon Jun 22 19:41:51 2015] [debug] Your secret passphrase needs to be changed!!!
[Mon Jun 22 19:41:51 2015] [debug] GET /music (Mozilla/5.0 (Macintosh; Intel Mac OS X 10_10_3) AppleWebKit/537.36 (KHTML, like Gecko) Chrome/43.0.2357.81 Safari/537.36).
[Mon Jun 22 19:41:51 2015] [debug] Routing to controller "Pi::Example" and action "music".
[Mon Jun 22 19:41:51 2015] [debug] Rendering template "example/music.html.ep".
[Mon Jun 22 19:41:51 2015] [debug] Rendering template "layouts/default.html.ep".
[Mon Jun 22 19:41:51 2015] [debug] 200 OK (0.106111s, 9.424/s).
[Mon Jun 22 19:41:55 2015] [debug] GET /music (Mozilla/5.0 (Macintosh; Intel Mac OS X 10_10_3) AppleWebKit/537.36 (KHTML, like Gecko) Chrome/43.0.2357.81 Safari/537.36).
[Mon Jun 22 19:41:55 2015] [debug] Routing to controller "Pi::Example" and action "music".
[Mon Jun 22 19:41:55 2015] [debug] Rendering cached template "example/music.html.ep".
[Mon Jun 22 19:41:55 2015] [debug] Rendering cached template "layouts/default.html.ep".
[Mon Jun 22 19:41:55 2015] [debug] 200 OK (0.012272s, 81.486/s).
[Mon Jun 22 19:41:57 2015] [debug] GET /music (Mozilla/5.0 (Macintosh; Intel Mac OS X 10_10_3) AppleWebKit/537.36 (KHTML, like Gecko) Chrome/43.0.2357.81 Safari/537.36).
[Mon Jun 22 19:41:57 2015] [debug] Routing to controller "Pi::Example" and action "music".
[Mon Jun 22 19:41:57 2015] [debug] Rendering cached template "example/music.html.ep".
[Mon Jun 22 19:41:57 2015] [debug] Rendering cached template "layouts/default.html.ep".
[Mon Jun 22 19:41:57 2015] [debug] 200 OK (0.032396s, 30.868/s).
[Mon Jun 22 19:44:19 2015] [debug] Your secret passphrase needs to be changed!!!
[Mon Jun 22 19:44:19 2015] [debug] GET /music (Mozilla/5.0 (Macintosh; Intel Mac OS X 10_10_3) AppleWebKit/537.36 (KHTML, like Gecko) Chrome/43.0.2357.81 Safari/537.36).
[Mon Jun 22 19:44:19 2015] [debug] Routing to controller "Pi::Example" and action "music".
[Mon Jun 22 19:44:20 2015] [debug] Rendering template "example/music.html.ep".
[Mon Jun 22 19:44:20 2015] [debug] Rendering template "layouts/default.html.ep".
[Mon Jun 22 19:44:20 2015] [debug] 200 OK (0.103788s, 9.635/s).
[Mon Jun 22 19:44:39 2015] [debug] GET /music (Mozilla/5.0 (Macintosh; Intel Mac OS X 10_10_3) AppleWebKit/537.36 (KHTML, like Gecko) Chrome/43.0.2357.81 Safari/537.36).
[Mon Jun 22 19:44:39 2015] [debug] Routing to controller "Pi::Example" and action "music".
[Mon Jun 22 19:44:39 2015] [debug] Rendering cached template "example/music.html.ep".
[Mon Jun 22 19:44:39 2015] [debug] Rendering cached template "layouts/default.html.ep".
[Mon Jun 22 19:44:39 2015] [debug] 200 OK (0.044741s, 22.351/s).
[Mon Jun 22 19:44:42 2015] [debug] Your secret passphrase needs to be changed!!!
[Mon Jun 22 19:44:42 2015] [debug] GET /music (Mozilla/5.0 (Macintosh; Intel Mac OS X 10_10_3) AppleWebKit/537.36 (KHTML, like Gecko) Chrome/43.0.2357.81 Safari/537.36).
[Mon Jun 22 19:44:42 2015] [debug] Routing to controller "Pi::Example" and action "music".
[Mon Jun 22 19:44:42 2015] [debug] 200 OK (0.029381s, 34.036/s).
[Mon Jun 22 19:44:45 2015] [debug] GET /music (Mozilla/5.0 (Macintosh; Intel Mac OS X 10_10_3) AppleWebKit/537.36 (KHTML, like Gecko) Chrome/43.0.2357.81 Safari/537.36).
[Mon Jun 22 19:44:45 2015] [debug] Routing to controller "Pi::Example" and action "music".
[Mon Jun 22 19:44:45 2015] [debug] Rendering template "example/music.html.ep".
[Mon Jun 22 19:44:45 2015] [debug] Rendering template "layouts/default.html.ep".
[Mon Jun 22 19:44:45 2015] [debug] 200 OK (0.069277s, 14.435/s).
[Mon Jun 22 19:44:46 2015] [debug] GET /music (Mozilla/5.0 (Macintosh; Intel Mac OS X 10_10_3) AppleWebKit/537.36 (KHTML, like Gecko) Chrome/43.0.2357.81 Safari/537.36).
[Mon Jun 22 19:44:46 2015] [debug] Routing to controller "Pi::Example" and action "music".
[Mon Jun 22 19:44:46 2015] [debug] Rendering cached template "example/music.html.ep".
[Mon Jun 22 19:44:46 2015] [debug] Rendering cached template "layouts/default.html.ep".
[Mon Jun 22 19:44:46 2015] [debug] 200 OK (0.011506s, 86.911/s).
[Mon Jun 22 19:45:09 2015] [debug] GET /music (Mozilla/5.0 (Macintosh; Intel Mac OS X 10_10_3) AppleWebKit/537.36 (KHTML, like Gecko) Chrome/43.0.2357.81 Safari/537.36).
[Mon Jun 22 19:45:09 2015] [debug] Routing to controller "Pi::Example" and action "music".
[Mon Jun 22 19:45:09 2015] [debug] 200 OK (0.031142s, 32.111/s).
[Mon Jun 22 19:46:12 2015] [debug] Your secret passphrase needs to be changed!!!
[Mon Jun 22 19:46:12 2015] [debug] GET /music (Mozilla/5.0 (Macintosh; Intel Mac OS X 10_10_3) AppleWebKit/537.36 (KHTML, like Gecko) Chrome/43.0.2357.81 Safari/537.36).
[Mon Jun 22 19:46:12 2015] [debug] Routing to controller "Pi::Example" and action "music".
[Mon Jun 22 19:46:12 2015] [debug] 200 OK (0.012259s, 81.573/s).
[Mon Jun 22 19:46:13 2015] [debug] GET /music (Mozilla/5.0 (Macintosh; Intel Mac OS X 10_10_3) AppleWebKit/537.36 (KHTML, like Gecko) Chrome/43.0.2357.81 Safari/537.36).
[Mon Jun 22 19:46:13 2015] [debug] Routing to controller "Pi::Example" and action "music".
[Mon Jun 22 19:46:13 2015] [debug] 200 OK (0.003180s, 314.465/s).
[Mon Jun 22 19:46:13 2015] [debug] GET /music (Mozilla/5.0 (Macintosh; Intel Mac OS X 10_10_3) AppleWebKit/537.36 (KHTML, like Gecko) Chrome/43.0.2357.81 Safari/537.36).
[Mon Jun 22 19:46:13 2015] [debug] Routing to controller "Pi::Example" and action "music".
[Mon Jun 22 19:46:13 2015] [debug] 200 OK (0.004503s, 222.074/s).
[Mon Jun 22 19:48:19 2015] [debug] Your secret passphrase needs to be changed!!!
[Mon Jun 22 19:48:19 2015] [debug] GET /music (Mozilla/5.0 (Macintosh; Intel Mac OS X 10_10_3) AppleWebKit/537.36 (KHTML, like Gecko) Chrome/43.0.2357.81 Safari/537.36).
[Mon Jun 22 19:48:19 2015] [debug] Routing to controller "Pi::Example" and action "music".
[Mon Jun 22 19:48:19 2015] [debug] 200 OK (0.052600s, 19.011/s).
[Mon Jun 22 19:48:22 2015] [debug] GET /music (Mozilla/5.0 (Macintosh; Intel Mac OS X 10_10_3) AppleWebKit/537.36 (KHTML, like Gecko) Chrome/43.0.2357.81 Safari/537.36).
[Mon Jun 22 19:48:22 2015] [debug] Routing to controller "Pi::Example" and action "music".
[Mon Jun 22 19:48:22 2015] [debug] 200 OK (0.036036s, 27.750/s).
[Mon Jun 22 19:49:01 2015] [debug] GET /music (Mozilla/5.0 (Macintosh; Intel Mac OS X 10_10_3) AppleWebKit/537.36 (KHTML, like Gecko) Chrome/43.0.2357.81 Safari/537.36).
[Mon Jun 22 19:49:01 2015] [debug] Routing to controller "Pi::Example" and action "music".
[Mon Jun 22 19:49:01 2015] [debug] 200 OK (0.033177s, 30.141/s).
[Mon Jun 22 19:49:03 2015] [debug] Your secret passphrase needs to be changed!!!
[Mon Jun 22 19:49:03 2015] [debug] GET /music (Mozilla/5.0 (Macintosh; Intel Mac OS X 10_10_3) AppleWebKit/537.36 (KHTML, like Gecko) Chrome/43.0.2357.81 Safari/537.36).
[Mon Jun 22 19:49:03 2015] [debug] Routing to controller "Pi::Example" and action "music".
[Mon Jun 22 19:49:03 2015] [debug] 200 OK (0.039347s, 25.415/s).
[Mon Jun 22 19:49:04 2015] [debug] GET /music (Mozilla/5.0 (Macintosh; Intel Mac OS X 10_10_3) AppleWebKit/537.36 (KHTML, like Gecko) Chrome/43.0.2357.81 Safari/537.36).
[Mon Jun 22 19:49:04 2015] [debug] Routing to controller "Pi::Example" and action "music".
[Mon Jun 22 19:49:04 2015] [debug] 200 OK (0.046581s, 21.468/s).
[Mon Jun 22 19:49:08 2015] [debug] GET /music (Mozilla/5.0 (Macintosh; Intel Mac OS X 10_10_3) AppleWebKit/537.36 (KHTML, like Gecko) Chrome/43.0.2357.81 Safari/537.36).
[Mon Jun 22 19:49:08 2015] [debug] Routing to controller "Pi::Example" and action "music".
[Mon Jun 22 19:49:08 2015] [debug] 200 OK (0.046091s, 21.696/s).
[Mon Jun 22 19:49:17 2015] [debug] GET /music (Mozilla/5.0 (Macintosh; Intel Mac OS X 10_10_3) AppleWebKit/537.36 (KHTML, like Gecko) Chrome/43.0.2357.81 Safari/537.36).
[Mon Jun 22 19:49:17 2015] [debug] Routing to controller "Pi::Example" and action "music".
[Mon Jun 22 19:49:17 2015] [debug] 200 OK (0.046320s, 21.589/s).
[Mon Jun 22 20:02:08 2015] [debug] Your secret passphrase needs to be changed!!!
[Mon Jun 22 20:02:08 2015] [debug] GET /music (Mozilla/5.0 (Macintosh; Intel Mac OS X 10_10_3) AppleWebKit/537.36 (KHTML, like Gecko) Chrome/43.0.2357.81 Safari/537.36).
[Mon Jun 22 20:02:08 2015] [debug] Routing to controller "Pi::Example" and action "music".
[Mon Jun 22 20:02:08 2015] [debug] 200 OK (0.072507s, 13.792/s).
[Mon Jun 22 20:02:11 2015] [debug] GET /music (Mozilla/5.0 (Macintosh; Intel Mac OS X 10_10_3) AppleWebKit/537.36 (KHTML, like Gecko) Chrome/43.0.2357.81 Safari/537.36).
[Mon Jun 22 20:02:11 2015] [debug] Routing to controller "Pi::Example" and action "music".
[Mon Jun 22 20:02:12 2015] [debug] Rendering template "example/music.html.ep".
[Mon Jun 22 20:02:12 2015] [debug] Rendering template "layouts/default.html.ep".
[Mon Jun 22 20:02:12 2015] [debug] 200 OK (0.070451s, 14.194/s).
[Mon Jun 22 20:02:17 2015] [debug] GET /music (Mozilla/5.0 (Macintosh; Intel Mac OS X 10_10_3) AppleWebKit/537.36 (KHTML, like Gecko) Chrome/43.0.2357.81 Safari/537.36).
[Mon Jun 22 20:02:17 2015] [debug] Routing to controller "Pi::Example" and action "music".
[Mon Jun 22 20:02:17 2015] [debug] 200 OK (0.067552s, 14.803/s).
[Mon Jun 22 20:03:11 2015] [info] Listening at "http://*:3000".
[Mon Jun 22 20:03:39 2015] [debug] Your secret passphrase needs to be changed!!!
[Mon Jun 22 20:03:39 2015] [debug] GET /music (Mozilla/5.0 (Macintosh; Intel Mac OS X 10_10_3) AppleWebKit/537.36 (KHTML, like Gecko) Chrome/43.0.2357.81 Safari/537.36).
[Mon Jun 22 20:03:39 2015] [debug] Routing to controller "Pi::Example" and action "music".
[Mon Jun 22 20:03:39 2015] [error] Can't locate object method "redirect" via package "Pi::Example" at /usr/share/perl5/Mojolicious/Routes.pm line 155

[Mon Jun 22 20:03:39 2015] [debug] Template "exception.development.html.ep" not found.
[Mon Jun 22 20:03:39 2015] [debug] Template "exception.html.ep" not found.
[Mon Jun 22 20:03:39 2015] [debug] Rendering inline template.
[Mon Jun 22 20:03:39 2015] [debug] Rendering inline template.
[Mon Jun 22 20:03:39 2015] [debug] 500 Internal Server Error (0.429781s, 2.327/s).
[Mon Jun 22 20:04:50 2015] [info] Listening at "http://*:3000".
[Mon Jun 22 20:04:55 2015] [debug] Your secret passphrase needs to be changed!!!
[Mon Jun 22 20:04:55 2015] [debug] GET /music (Mozilla/5.0 (Macintosh; Intel Mac OS X 10_10_3) AppleWebKit/537.36 (KHTML, like Gecko) Chrome/43.0.2357.81 Safari/537.36).
[Mon Jun 22 20:04:55 2015] [debug] Routing to controller "Pi::Example" and action "music".
[Mon Jun 22 20:04:55 2015] [debug] Rendering template "example/music.html.ep".
[Mon Jun 22 20:04:55 2015] [debug] Rendering template "layouts/default.html.ep".
[Mon Jun 22 20:04:55 2015] [debug] 200 OK (0.078644s, 12.716/s).
[Mon Jun 22 20:04:55 2015] [debug] GET /music (Mozilla/5.0 (Macintosh; Intel Mac OS X 10_10_3) AppleWebKit/537.36 (KHTML, like Gecko) Chrome/43.0.2357.81 Safari/537.36).
[Mon Jun 22 20:04:55 2015] [debug] Routing to controller "Pi::Example" and action "music".
[Mon Jun 22 20:04:55 2015] [debug] Rendering cached template "example/music.html.ep".
[Mon Jun 22 20:04:55 2015] [debug] Rendering cached template "layouts/default.html.ep".
[Mon Jun 22 20:04:55 2015] [debug] 200 OK (0.011567s, 86.453/s).
[Mon Jun 22 20:04:57 2015] [debug] GET /music (Mozilla/5.0 (Macintosh; Intel Mac OS X 10_10_3) AppleWebKit/537.36 (KHTML, like Gecko) Chrome/43.0.2357.81 Safari/537.36).
[Mon Jun 22 20:04:57 2015] [debug] Routing to controller "Pi::Example" and action "music".
[Mon Jun 22 20:04:57 2015] [debug] 302 Found (0.090542s, 11.045/s).
[Mon Jun 22 20:04:57 2015] [debug] GET /music (Mozilla/5.0 (Macintosh; Intel Mac OS X 10_10_3) AppleWebKit/537.36 (KHTML, like Gecko) Chrome/43.0.2357.81 Safari/537.36).
[Mon Jun 22 20:04:57 2015] [debug] Routing to controller "Pi::Example" and action "music".
[Mon Jun 22 20:04:57 2015] [debug] Rendering cached template "example/music.html.ep".
[Mon Jun 22 20:04:57 2015] [debug] Rendering cached template "layouts/default.html.ep".
[Mon Jun 22 20:04:57 2015] [debug] 200 OK (0.019970s, 50.075/s).
[Mon Jun 22 20:05:01 2015] [debug] GET /music (Mozilla/5.0 (Macintosh; Intel Mac OS X 10_10_3) AppleWebKit/537.36 (KHTML, like Gecko) Chrome/43.0.2357.81 Safari/537.36).
[Mon Jun 22 20:05:01 2015] [debug] Routing to controller "Pi::Example" and action "music".
[Mon Jun 22 20:05:01 2015] [debug] 302 Found (0.091690s, 10.906/s).
[Mon Jun 22 20:05:01 2015] [debug] GET /music (Mozilla/5.0 (Macintosh; Intel Mac OS X 10_10_3) AppleWebKit/537.36 (KHTML, like Gecko) Chrome/43.0.2357.81 Safari/537.36).
[Mon Jun 22 20:05:01 2015] [debug] Routing to controller "Pi::Example" and action "music".
[Mon Jun 22 20:05:01 2015] [debug] Rendering cached template "example/music.html.ep".
[Mon Jun 22 20:05:01 2015] [debug] Rendering cached template "layouts/default.html.ep".
[Mon Jun 22 20:05:01 2015] [debug] 200 OK (0.018110s, 55.218/s).
[Mon Jun 22 20:05:10 2015] [debug] GET /music (Mozilla/5.0 (Macintosh; Intel Mac OS X 10_10_3) AppleWebKit/537.36 (KHTML, like Gecko) Chrome/43.0.2357.81 Safari/537.36).
[Mon Jun 22 20:05:10 2015] [debug] Routing to controller "Pi::Example" and action "music".
[Mon Jun 22 20:05:10 2015] [debug] 302 Found (0.091031s, 10.985/s).
[Mon Jun 22 20:05:10 2015] [debug] GET /music (Mozilla/5.0 (Macintosh; Intel Mac OS X 10_10_3) AppleWebKit/537.36 (KHTML, like Gecko) Chrome/43.0.2357.81 Safari/537.36).
[Mon Jun 22 20:05:10 2015] [debug] Routing to controller "Pi::Example" and action "music".
[Mon Jun 22 20:05:10 2015] [debug] Rendering cached template "example/music.html.ep".
[Mon Jun 22 20:05:10 2015] [debug] Rendering cached template "layouts/default.html.ep".
[Mon Jun 22 20:05:10 2015] [debug] 200 OK (0.019541s, 51.174/s).
[Mon Jun 22 20:05:53 2015] [debug] GET /music (Mozilla/5.0 (Macintosh; Intel Mac OS X 10_10_3) AppleWebKit/537.36 (KHTML, like Gecko) Chrome/43.0.2357.81 Safari/537.36).
[Mon Jun 22 20:05:53 2015] [debug] Routing to controller "Pi::Example" and action "music".
[Mon Jun 22 20:05:53 2015] [debug] 302 Found (0.096451s, 10.368/s).
[Mon Jun 22 20:05:53 2015] [debug] GET /music (Mozilla/5.0 (Macintosh; Intel Mac OS X 10_10_3) AppleWebKit/537.36 (KHTML, like Gecko) Chrome/43.0.2357.81 Safari/537.36).
[Mon Jun 22 20:05:53 2015] [debug] Routing to controller "Pi::Example" and action "music".
[Mon Jun 22 20:05:53 2015] [debug] Rendering cached template "example/music.html.ep".
[Mon Jun 22 20:05:53 2015] [debug] Rendering cached template "layouts/default.html.ep".
[Mon Jun 22 20:05:53 2015] [debug] 200 OK (0.017173s, 58.231/s).
[Mon Jun 22 20:05:55 2015] [debug] GET /music (Mozilla/5.0 (Macintosh; Intel Mac OS X 10_10_3) AppleWebKit/537.36 (KHTML, like Gecko) Chrome/43.0.2357.81 Safari/537.36).
[Mon Jun 22 20:05:55 2015] [debug] Routing to controller "Pi::Example" and action "music".
[Mon Jun 22 20:05:55 2015] [debug] 302 Found (0.064331s, 15.545/s).
[Mon Jun 22 20:05:55 2015] [debug] GET /music (Mozilla/5.0 (Macintosh; Intel Mac OS X 10_10_3) AppleWebKit/537.36 (KHTML, like Gecko) Chrome/43.0.2357.81 Safari/537.36).
[Mon Jun 22 20:05:55 2015] [debug] Routing to controller "Pi::Example" and action "music".
[Mon Jun 22 20:05:55 2015] [debug] Rendering cached template "example/music.html.ep".
[Mon Jun 22 20:05:55 2015] [debug] Rendering cached template "layouts/default.html.ep".
[Mon Jun 22 20:05:55 2015] [debug] 200 OK (0.012146s, 82.332/s).
[Mon Jun 22 20:05:57 2015] [debug] GET /music (Mozilla/5.0 (Macintosh; Intel Mac OS X 10_10_3) AppleWebKit/537.36 (KHTML, like Gecko) Chrome/43.0.2357.81 Safari/537.36).
[Mon Jun 22 20:05:57 2015] [debug] Routing to controller "Pi::Example" and action "music".
[Mon Jun 22 20:05:57 2015] [debug] 302 Found (0.088513s, 11.298/s).
[Mon Jun 22 20:05:57 2015] [debug] GET /music (Mozilla/5.0 (Macintosh; Intel Mac OS X 10_10_3) AppleWebKit/537.36 (KHTML, like Gecko) Chrome/43.0.2357.81 Safari/537.36).
[Mon Jun 22 20:05:57 2015] [debug] Routing to controller "Pi::Example" and action "music".
[Mon Jun 22 20:05:57 2015] [debug] Rendering cached template "example/music.html.ep".
[Mon Jun 22 20:05:57 2015] [debug] Rendering cached template "layouts/default.html.ep".
[Mon Jun 22 20:05:57 2015] [debug] 200 OK (0.016878s, 59.249/s).
[Mon Jun 22 20:07:45 2015] [debug] GET /music (Mozilla/5.0 (Macintosh; Intel Mac OS X 10_10_3) AppleWebKit/537.36 (KHTML, like Gecko) Chrome/43.0.2357.81 Safari/537.36).
[Mon Jun 22 20:07:45 2015] [debug] Routing to controller "Pi::Example" and action "music".
[Mon Jun 22 20:07:45 2015] [debug] 302 Found (0.068500s, 14.599/s).
[Mon Jun 22 20:07:45 2015] [debug] GET /music (Mozilla/5.0 (Macintosh; Intel Mac OS X 10_10_3) AppleWebKit/537.36 (KHTML, like Gecko) Chrome/43.0.2357.81 Safari/537.36).
[Mon Jun 22 20:07:45 2015] [debug] Routing to controller "Pi::Example" and action "music".
[Mon Jun 22 20:07:45 2015] [debug] Rendering cached template "example/music.html.ep".
[Mon Jun 22 20:07:45 2015] [debug] Rendering cached template "layouts/default.html.ep".
[Mon Jun 22 20:07:45 2015] [debug] 200 OK (0.013323s, 75.058/s).
[Mon Jun 22 20:09:36 2015] [info] Listening at "http://*:3000".
[Mon Jun 22 20:09:39 2015] [debug] Your secret passphrase needs to be changed!!!
[Mon Jun 22 20:09:39 2015] [debug] GET /music (Mozilla/5.0 (Macintosh; Intel Mac OS X 10_10_3) AppleWebKit/537.36 (KHTML, like Gecko) Chrome/43.0.2357.81 Safari/537.36).
[Mon Jun 22 20:09:39 2015] [debug] Routing to controller "Pi::Example" and action "music".
[Mon Jun 22 20:09:39 2015] [debug] Rendering template "example/music.html.ep".
[Mon Jun 22 20:09:39 2015] [debug] Rendering template "layouts/default.html.ep".
[Mon Jun 22 20:09:39 2015] [debug] 200 OK (0.076783s, 13.024/s).
[Mon Jun 22 20:09:41 2015] [debug] GET /music (Mozilla/5.0 (Macintosh; Intel Mac OS X 10_10_3) AppleWebKit/537.36 (KHTML, like Gecko) Chrome/43.0.2357.81 Safari/537.36).
[Mon Jun 22 20:09:41 2015] [debug] Routing to controller "Pi::Example" and action "music".
[Mon Jun 22 20:09:41 2015] [debug] 302 Found (0.087213s, 11.466/s).
[Mon Jun 22 20:09:41 2015] [debug] GET /music (Mozilla/5.0 (Macintosh; Intel Mac OS X 10_10_3) AppleWebKit/537.36 (KHTML, like Gecko) Chrome/43.0.2357.81 Safari/537.36).
[Mon Jun 22 20:09:41 2015] [debug] Routing to controller "Pi::Example" and action "music".
[Mon Jun 22 20:09:41 2015] [debug] Rendering cached template "example/music.html.ep".
[Mon Jun 22 20:09:41 2015] [debug] Rendering cached template "layouts/default.html.ep".
[Mon Jun 22 20:09:41 2015] [debug] 200 OK (0.017443s, 57.330/s).
[Mon Jun 22 20:09:43 2015] [debug] GET /stop (Mozilla/5.0 (Macintosh; Intel Mac OS X 10_10_3) AppleWebKit/537.36 (KHTML, like Gecko) Chrome/43.0.2357.81 Safari/537.36).
[Mon Jun 22 20:09:43 2015] [debug] Template "not_found.development.html.ep" not found.
[Mon Jun 22 20:09:43 2015] [debug] Template "not_found.html.ep" not found.
[Mon Jun 22 20:09:43 2015] [debug] Rendering inline template.
[Mon Jun 22 20:09:43 2015] [debug] Rendering inline template.
[Mon Jun 22 20:09:43 2015] [debug] 404 Not Found (0.158551s, 6.307/s).
[Mon Jun 22 20:10:19 2015] [info] Listening at "http://*:3000".
[Mon Jun 22 20:10:19 2015] [debug] Your secret passphrase needs to be changed!!!
[Mon Jun 22 20:10:19 2015] [debug] GET /stop (Mozilla/5.0 (Macintosh; Intel Mac OS X 10_10_3) AppleWebKit/537.36 (KHTML, like Gecko) Chrome/43.0.2357.81 Safari/537.36).
[Mon Jun 22 20:10:19 2015] [debug] Routing to controller "Pi::Example" and action "stop".
[Mon Jun 22 20:10:19 2015] [debug] 302 Found (0.040754s, 24.537/s).
[Mon Jun 22 20:10:19 2015] [debug] GET /music (Mozilla/5.0 (Macintosh; Intel Mac OS X 10_10_3) AppleWebKit/537.36 (KHTML, like Gecko) Chrome/43.0.2357.81 Safari/537.36).
[Mon Jun 22 20:10:19 2015] [debug] Routing to controller "Pi::Example" and action "music".
[Mon Jun 22 20:10:19 2015] [debug] Rendering template "example/music.html.ep".
[Mon Jun 22 20:10:19 2015] [debug] Rendering template "layouts/default.html.ep".
[Mon Jun 22 20:10:19 2015] [debug] 200 OK (0.055813s, 17.917/s).
[Mon Jun 22 20:10:22 2015] [debug] GET /music (Mozilla/5.0 (Macintosh; Intel Mac OS X 10_10_3) AppleWebKit/537.36 (KHTML, like Gecko) Chrome/43.0.2357.81 Safari/537.36).
[Mon Jun 22 20:10:22 2015] [debug] Routing to controller "Pi::Example" and action "music".
[Mon Jun 22 20:10:22 2015] [debug] 302 Found (0.086816s, 11.519/s).
[Mon Jun 22 20:10:22 2015] [debug] GET /music (Mozilla/5.0 (Macintosh; Intel Mac OS X 10_10_3) AppleWebKit/537.36 (KHTML, like Gecko) Chrome/43.0.2357.81 Safari/537.36).
[Mon Jun 22 20:10:22 2015] [debug] Routing to controller "Pi::Example" and action "music".
[Mon Jun 22 20:10:22 2015] [debug] Rendering cached template "example/music.html.ep".
[Mon Jun 22 20:10:22 2015] [debug] Rendering cached template "layouts/default.html.ep".
[Mon Jun 22 20:10:22 2015] [debug] 200 OK (0.017158s, 58.282/s).
[Mon Jun 22 20:10:24 2015] [debug] GET /stop (Mozilla/5.0 (Macintosh; Intel Mac OS X 10_10_3) AppleWebKit/537.36 (KHTML, like Gecko) Chrome/43.0.2357.81 Safari/537.36).
[Mon Jun 22 20:10:24 2015] [debug] Routing to controller "Pi::Example" and action "stop".
[Mon Jun 22 20:10:24 2015] [debug] 302 Found (0.051554s, 19.397/s).
[Mon Jun 22 20:10:24 2015] [debug] GET /music (Mozilla/5.0 (Macintosh; Intel Mac OS X 10_10_3) AppleWebKit/537.36 (KHTML, like Gecko) Chrome/43.0.2357.81 Safari/537.36).
[Mon Jun 22 20:10:24 2015] [debug] Routing to controller "Pi::Example" and action "music".
[Mon Jun 22 20:10:24 2015] [debug] Rendering cached template "example/music.html.ep".
[Mon Jun 22 20:10:24 2015] [debug] Rendering cached template "layouts/default.html.ep".
[Mon Jun 22 20:10:24 2015] [debug] 200 OK (0.019235s, 51.989/s).
[Mon Jun 22 20:10:27 2015] [debug] GET /music (Mozilla/5.0 (Macintosh; Intel Mac OS X 10_10_3) AppleWebKit/537.36 (KHTML, like Gecko) Chrome/43.0.2357.81 Safari/537.36).
[Mon Jun 22 20:10:27 2015] [debug] Routing to controller "Pi::Example" and action "music".
[Mon Jun 22 20:10:27 2015] [debug] 302 Found (0.086416s, 11.572/s).
[Mon Jun 22 20:10:27 2015] [debug] GET /music (Mozilla/5.0 (Macintosh; Intel Mac OS X 10_10_3) AppleWebKit/537.36 (KHTML, like Gecko) Chrome/43.0.2357.81 Safari/537.36).
[Mon Jun 22 20:10:27 2015] [debug] Routing to controller "Pi::Example" and action "music".
[Mon Jun 22 20:10:27 2015] [debug] Rendering cached template "example/music.html.ep".
[Mon Jun 22 20:10:27 2015] [debug] Rendering cached template "layouts/default.html.ep".
[Mon Jun 22 20:10:27 2015] [debug] 200 OK (0.011902s, 84.019/s).
[Mon Jun 22 20:10:30 2015] [debug] GET /stop (Mozilla/5.0 (Macintosh; Intel Mac OS X 10_10_3) AppleWebKit/537.36 (KHTML, like Gecko) Chrome/43.0.2357.81 Safari/537.36).
[Mon Jun 22 20:10:30 2015] [debug] Routing to controller "Pi::Example" and action "stop".
[Mon Jun 22 20:10:30 2015] [debug] 302 Found (0.051582s, 19.387/s).
[Mon Jun 22 20:10:30 2015] [debug] GET /music (Mozilla/5.0 (Macintosh; Intel Mac OS X 10_10_3) AppleWebKit/537.36 (KHTML, like Gecko) Chrome/43.0.2357.81 Safari/537.36).
[Mon Jun 22 20:10:30 2015] [debug] Routing to controller "Pi::Example" and action "music".
[Mon Jun 22 20:10:30 2015] [debug] Rendering cached template "example/music.html.ep".
[Mon Jun 22 20:10:30 2015] [debug] Rendering cached template "layouts/default.html.ep".
[Mon Jun 22 20:10:30 2015] [debug] 200 OK (0.017342s, 57.663/s).
[Mon Jun 22 20:13:21 2015] [info] Listening at "http://*:3000".
[Mon Jun 22 20:13:23 2015] [debug] Your secret passphrase needs to be changed!!!
[Mon Jun 22 20:13:23 2015] [debug] GET /music (Mozilla/5.0 (Macintosh; Intel Mac OS X 10_10_3) AppleWebKit/537.36 (KHTML, like Gecko) Chrome/43.0.2357.81 Safari/537.36).
[Mon Jun 22 20:13:23 2015] [debug] Routing to controller "Pi::Example" and action "music".
[Mon Jun 22 20:13:23 2015] [debug] Rendering template "example/music.html.ep".
[Mon Jun 22 20:13:23 2015] [error] Search pattern not terminated at (eval 247) line 14.

[Mon Jun 22 20:13:23 2015] [debug] Template "exception.development.html.ep" not found.
[Mon Jun 22 20:13:23 2015] [debug] Template "exception.html.ep" not found.
[Mon Jun 22 20:13:23 2015] [debug] Rendering inline template.
[Mon Jun 22 20:13:23 2015] [debug] Rendering inline template.
[Mon Jun 22 20:13:23 2015] [debug] 500 Internal Server Error (0.411806s, 2.428/s).
[Mon Jun 22 20:15:02 2015] [info] Listening at "http://*:3000".
[Mon Jun 22 20:15:04 2015] [debug] Your secret passphrase needs to be changed!!!
[Mon Jun 22 20:15:04 2015] [debug] GET /music (Mozilla/5.0 (Macintosh; Intel Mac OS X 10_10_3) AppleWebKit/537.36 (KHTML, like Gecko) Chrome/43.0.2357.81 Safari/537.36).
[Mon Jun 22 20:15:04 2015] [debug] Routing to controller "Pi::Example" and action "music".
[Mon Jun 22 20:15:04 2015] [debug] Rendering template "example/music.html.ep".
[Mon Jun 22 20:15:04 2015] [error] Search pattern not terminated at (eval 247) line 14.

[Mon Jun 22 20:15:04 2015] [debug] Template "exception.development.html.ep" not found.
[Mon Jun 22 20:15:04 2015] [debug] Template "exception.html.ep" not found.
[Mon Jun 22 20:15:04 2015] [debug] Rendering inline template.
[Mon Jun 22 20:15:04 2015] [debug] Rendering inline template.
[Mon Jun 22 20:15:05 2015] [debug] 500 Internal Server Error (0.388065s, 2.577/s).
